<?xml version="1.0" encoding="UTF-8"?>
<testsuite xmlns:xsi="http://www.w3.org/2001/XMLSchema-instance" xsi:noNamespaceSchemaLocation="https://maven.apache.org/surefire/maven-surefire-plugin/xsd/surefire-test-report.xsd" name="MyTest" time="0.031" tests="1" errors="0" skipped="0" failures="0">
  <properties>
    <property name="sun.desktop" value="windows"/>
    <property name="awt.toolkit" value="sun.awt.windows.WToolkit"/>
    <property name="file.encoding.pkg" value="sun.io"/>
    <property name="java.specification.version" value="1.8"/>
    <property name="sun.cpu.isalist" value="amd64"/>
    <property name="sun.jnu.encoding" value="GBK"/>
    <property name="java.class.path" value="C:\Users\chen\cs\Test\target\test-classes;C:\Users\chen\cs\Test\target\classes;C:\Users\chen\cs\repository\junit\junit\4.12\junit-4.12.jar;C:\Users\chen\cs\repository\org\hamcrest\hamcrest-core\1.3\hamcrest-core-1.3.jar;C:\Users\chen\cs\repository\org\bouncycastle\bcprov-jdk15on\1.62\bcprov-jdk15on-1.62.jar;"/>
    <property name="java.vm.vendor" value="Oracle Corporation"/>
    <property name="sun.arch.data.model" value="64"/>
    <property name="user.variant" value=""/>
    <property name="java.vendor.url" value="http://java.oracle.com/"/>
    <property name="user.timezone" value="Asia/Shanghai"/>
    <property name="java.vm.specification.version" value="1.8"/>
    <property name="os.name" value="Windows 10"/>
    <property name="user.country" value="CN"/>
    <property name="sun.java.launcher" value="SUN_STANDARD"/>
    <property name="sun.boot.library.path" value="C:\ProgramFiles\Java\jdk1.8.0_162\jre\bin"/>
    <property name="sun.java.command" value="C:\Users\chen\AppData\Local\Temp\surefire3677062108081292082\surefirebooter2550003013465678101.jar C:\Users\chen\AppData\Local\Temp\surefire3677062108081292082 2020-08-27T01-19-15_833-jvmRun1 surefire3329437448393036778tmp surefire_06439250236499645940tmp"/>
    <property name="surefire.test.class.path" value="C:\Users\chen\cs\Test\target\test-classes;C:\Users\chen\cs\Test\target\classes;C:\Users\chen\cs\repository\junit\junit\4.12\junit-4.12.jar;C:\Users\chen\cs\repository\org\hamcrest\hamcrest-core\1.3\hamcrest-core-1.3.jar;C:\Users\chen\cs\repository\org\bouncycastle\bcprov-jdk15on\1.62\bcprov-jdk15on-1.62.jar;"/>
    <property name="sun.cpu.endian" value="little"/>
    <property name="user.home" value="C:\Users\chen"/>
    <property name="user.language" value="zh"/>
    <property name="java.specification.vendor" value="Oracle Corporation"/>
    <property name="java.home" value="C:\ProgramFiles\Java\jdk1.8.0_162\jre"/>
    <property name="basedir" value="C:\Users\chen\cs\Test"/>
    <property name="file.separator" value="\"/>
    <property name="line.separator" value="&#10;"/>
    <property name="java.vm.specification.vendor" value="Oracle Corporation"/>
    <property name="java.specification.name" value="Java Platform API Specification"/>
    <property name="java.awt.graphicsenv" value="sun.awt.Win32GraphicsEnvironment"/>
    <property name="idea.version2020.1.1" value="true"/>
    <property name="surefire.real.class.path" value="C:\Users\chen\AppData\Local\Temp\surefire3677062108081292082\surefirebooter2550003013465678101.jar"/>
    <property name="sun.boot.class.path" value="C:\ProgramFiles\Java\jdk1.8.0_162\jre\lib\resources.jar;C:\ProgramFiles\Java\jdk1.8.0_162\jre\lib\rt.jar;C:\ProgramFiles\Java\jdk1.8.0_162\jre\lib\sunrsasign.jar;C:\ProgramFiles\Java\jdk1.8.0_162\jre\lib\jsse.jar;C:\ProgramFiles\Java\jdk1.8.0_162\jre\lib\jce.jar;C:\ProgramFiles\Java\jdk1.8.0_162\jre\lib\charsets.jar;C:\ProgramFiles\Java\jdk1.8.0_162\jre\lib\jfr.jar;C:\ProgramFiles\Java\jdk1.8.0_162\jre\classes"/>
    <property name="user.script" value=""/>
    <property name="sun.management.compiler" value="HotSpot 64-Bit Tiered Compilers"/>
    <property name="java.runtime.version" value="1.8.0_162-b12"/>
    <property name="user.name" value="chen"/>
    <property name="path.separator" value=";"/>
    <property name="os.version" value="10.0"/>
    <property name="java.endorsed.dirs" value="C:\ProgramFiles\Java\jdk1.8.0_162\jre\lib\endorsed"/>
    <property name="java.runtime.name" value="Java(TM) SE Runtime Environment"/>
    <property name="file.encoding" value="GBK"/>
    <property name="java.vm.name" value="Java HotSpot(TM) 64-Bit Server VM"/>
    <property name="localRepository" value="C:\Users\chen\cs\repository"/>
    <property name="java.vendor.url.bug" value="http://bugreport.sun.com/bugreport/"/>
    <property name="java.io.tmpdir" value="C:\Users\chen\AppData\Local\Temp\"/>
    <property name="java.version" value="1.8.0_162"/>
    <property name="user.dir" value="C:\Users\chen\cs\Test"/>
    <property name="os.arch" value="amd64"/>
    <property name="java.vm.specification.name" value="Java Virtual Machine Specification"/>
    <property name="java.awt.printerjob" value="sun.awt.windows.WPrinterJob"/>
    <property name="sun.os.patch.level" value=""/>
    <property name="java.library.path" value="C:\ProgramFiles\Java\jdk1.8.0_162\jre\bin;C:\WINDOWS\Sun\Java\bin;C:\WINDOWS\system32;C:\WINDOWS;C:\Users\chen\Programs\Oracle\app\product\11.2.0\dbhome_1\bin;C:\Windows\system32;C:\Windows;C:\Windows\System32\Wbem;C:\Windows\System32\WindowsPowerShell\v1.0\;C:\Windows\System32\OpenSSH\;C:\Program Files\NVIDIA Corporation\NVIDIA NvDLISR;C:\Program Files (x86)\NVIDIA Corporation\PhysX\Common;C:\Users\chen\cs\Programs\MySQL\MySQL Server 5.5\bin;C:\WINDOWS\system32;C:\WINDOWS;C:\WINDOWS\System32\Wbem;C:\WINDOWS\System32\WindowsPowerShell\v1.0\;C:\WINDOWS\System32\OpenSSH\;C:\ProgramFiles\Git\cmd;C:\Users\chen\AppData\Local\Microsoft\WindowsApps;C:\Program Files\Bandizip\;C:\ProgramFiles\Java\jdk1.8.0_162\bin;C:\Users\chen\AppData\Local\Programs\Microsoft VS Code\bin;C:\ProgramFiles\apache-maven-3.3.9\bin;C:\ProgramFiles\Git\bin;C:\ProgramFiles\apache-tomcat-8.5.5\bin;;."/>
    <property name="java.vm.info" value="mixed mode"/>
    <property name="java.vendor" value="Oracle Corporation"/>
    <property name="java.vm.version" value="25.162-b12"/>
    <property name="java.ext.dirs" value="C:\ProgramFiles\Java\jdk1.8.0_162\jre\lib\ext;C:\WINDOWS\Sun\Java\lib\ext"/>
    <property name="sun.io.unicode.encoding" value="UnicodeLittle"/>
    <property name="maven.repo.local" value="C:\Users\chen\cs\repository"/>
    <property name="java.class.version" value="52.0"/>
  </properties>
  <testcase name="test" classname="MyTest" time="0.001"/>
</testsuite>